<?xml version="1.0" encoding="UTF-8"?>
<!-- Generated by org.testng.reporters.JUnitReportReporter -->
<testsuite skipped="0" hostname="DESKTOP-1TGL11O" name="UploadFile.Upload_file" tests="1" failures="0" timestamp="25 Mar 2018 20:52:03 GMT" time="73.736" errors="0">
  <testcase name="uploadFile2" time="73.736" classname="UploadFile.Upload_file"/>
</testsuite> <!-- UploadFile.Upload_file -->
